# JRE version: OpenJDK Runtime Environment Temurin-25+36 (25.0+36) (build 25+36-LTS)
# Java VM: OpenJDK 64-Bit Server VM Temurin-25+36 (25+36-LTS, mixed mode, sharing, tiered, compressed oops, compressed class ptrs, g1 gc, windows-amd64)
GC Precious Log:
 CardTable entry size: 512
 Card Set container configuration: InlinePtr #cards 5 size 8 Array Of Cards #cards 10 size 36 Howl #buckets 4 coarsen threshold 1843 Howl Bitmap #cards 512 size 80 coarsen threshold 460 Card regions per heap region 1 cards per card region 2048
 CPUs: 12 total, 12 available
 Memory: 7913M
 Large Page Support: Disabled
 NUMA Support: Disabled
 Compressed Oops: Enabled (32-bit)
 Heap Region Size: 1M
 Heap Min Capacity: 8M
 Heap Initial Capacity: 124M
 Heap Max Capacity: 1980M
 Pre-touch: Disabled
 Parallel Workers: 10
 Concurrent Workers: 3
 Concurrent Refinement Workers: 10
 Periodic GC: Disabled
Heap:
 garbage-first heap   total reserved 2027520K, committed 107520K, used 47105K [0x0000000084400000, 0x0000000100000000)
  region size 1024K, 13 young (13312K), 3 survivors (3072K)
GC Heap Usage History (14 events):
Event: 0.839 {heap Before GC invocations=0 (full 0):
 garbage-first heap   total reserved 2027520K, committed 129024K, used 49299K [0x0000000084400000, 0x0000000100000000)
  region size 1024K, 47 young (48128K), 0 survivors (0K)
}
Event: 0.844 {heap After GC invocations=1 (full 0):
 garbage-first heap   total reserved 2027520K, committed 129024K, used 5480K [0x0000000084400000, 0x0000000100000000)
  region size 1024K, 5 young (5120K), 5 survivors (5120K)
}
Event: 1.739 {heap Before GC invocations=1 (full 0):
 garbage-first heap   total reserved 2027520K, committed 129024K, used 60776K [0x0000000084400000, 0x0000000100000000)
  region size 1024K, 59 young (60416K), 5 survivors (5120K)
}
Event: 1.751 {heap After GC invocations=2 (full 0):
 garbage-first heap   total reserved 2027520K, committed 129024K, used 10783K [0x0000000084400000, 0x0000000100000000)
  region size 1024K, 8 young (8192K), 8 survivors (8192K)
}
Event: 2.525 {heap Before GC invocations=2 (full 0):
 garbage-first heap   total reserved 2027520K, committed 129024K, used 75295K [0x0000000084400000, 0x0000000100000000)
  region size 1024K, 71 young (72704K), 8 survivors (8192K)
}
Event: 2.536 {heap After GC invocations=3 (full 0):
 garbage-first heap   total reserved 2027520K, committed 129024K, used 15305K [0x0000000084400000, 0x0000000100000000)
  region size 1024K, 4 young (4096K), 4 survivors (4096K)
}
Event: 3.002 {heap Before GC invocations=3 (full 0):
 garbage-first heap   total reserved 2027520K, committed 129024K, used 58313K [0x0000000084400000, 0x0000000100000000)
  region size 1024K, 42 young (43008K), 4 survivors (4096K)
}
Event: 3.010 {heap After GC invocations=4 (full 0):
 garbage-first heap   total reserved 2027520K, committed 129024K, used 24638K [0x0000000084400000, 0x0000000100000000)
  region size 1024K, 9 young (9216K), 9 survivors (9216K)
}
Event: 3.579 {heap Before GC invocations=5 (full 0):
 garbage-first heap   total reserved 2027520K, committed 86016K, used 67646K [0x0000000084400000, 0x0000000100000000)
  region size 1024K, 50 young (51200K), 9 survivors (9216K)
}
Event: 3.605 {heap After GC invocations=6 (full 0):
 garbage-first heap   total reserved 2027520K, committed 89088K, used 34878K [0x0000000084400000, 0x0000000100000000)
  region size 1024K, 7 young (7168K), 7 survivors (7168K)
}
Event: 4.221 {heap Before GC invocations=6 (full 0):
 garbage-first heap   total reserved 2027520K, committed 89088K, used 65598K [0x0000000084400000, 0x0000000100000000)
  region size 1024K, 38 young (38912K), 7 survivors (7168K)
}
Event: 4.230 {heap After GC invocations=7 (full 0):
 garbage-first heap   total reserved 2027520K, committed 89088K, used 37290K [0x0000000084400000, 0x0000000100000000)
  region size 1024K, 2 young (2048K), 2 survivors (2048K)
}
Event: 4.587 {heap Before GC invocations=7 (full 0):
 garbage-first heap   total reserved 2027520K, committed 89088K, used 70058K [0x0000000084400000, 0x0000000100000000)
  region size 1024K, 34 young (34816K), 2 survivors (2048K)
}
Event: 4.592 {heap After GC invocations=8 (full 0):
 garbage-first heap   total reserved 2027520K, committed 107520K, used 37889K [0x0000000084400000, 0x0000000100000000)
  region size 1024K, 3 young (3072K), 3 survivors (3072K)
}

